2018/10/29 12:23:22 [error] 15479#15479: *1 FastCGI sent in stderr: "PHP message: PHP Warning:  require(/home/sergey/Projects/YII2/advanced/frontend/web/../../vendor/autoload.php): failed to open stream: No such file or directory in /home/sergey/Projects/YII2/advanced/frontend/web/index.php on line 5
PHP message: PHP Stack trace:
PHP message: PHP   1. {main}() /home/sergey/Projects/YII2/advanced/frontend/web/index.php:0
PHP message: PHP 
PHP message: PHP Dump $_SERVER
PHP message: PHP    $_SERVER['REMOTE_ADDR'] = '127.0.0.1'
PHP message: PHP    $_SERVER['REQUEST_METHOD'] = 'GET'
PHP message: PHP Dump $_SESSION
PHP message: PHP    $_SESSION['*'] is undefined
PHP message: PHP Dump $_REQUEST
PHP message: PHP 
PHP message: PHP Fatal error:  require(): Failed opening required '/home/sergey/Projects/YII2/advanced/frontend/web/../../vendor/autoload.php' (include_path='.:/usr/share/php') in /home/sergey/Projects/YII2/advanced/frontend/web/index.php on line 5
PHP message: PHP Stack trace:
PHP message: PHP   1. {main}() /home/sergey/Projects/YII2/advanced/frontend/web/index.php:0
PHP message: PHP 
PHP message: PHP Dump $_SERVER
PHP message: PHP    $_SERVER['REMOTE_ADDR'] = '127.0.0.1'
PHP message: PHP    $_SERVER['REQUEST_METHOD'] = 'GET'
PHP message: PHP Dump $_SESSION
PHP message: PHP    $_SESSION['*'] is undefined
PHP message: PHP Dump $_REQUEST
PHP message: PHP" while reading response header from upstream, client: 127.0.0.1, server: socksforce.local, request: "GET / HTTP/1.1", upstream: "fastcgi://unix:/var/run/php/php7.2-fpm.sock:", host: "socksforce.local"
